<?xml version="1.0" encoding="UTF-8"?>
<testng-results ignored="0" total="1" passed="1" failed="0" skipped="0">
  <reporter-output>
  </reporter-output>
  <suite started-at="2024-06-01T00:18:20 CDT" name="Cura HealthCare" finished-at="2024-06-01T00:18:30 CDT" duration-ms="9586">
    <groups>
    </groups>
    <test started-at="2024-06-01T00:18:20 CDT" name="Cura HealthCare Test" finished-at="2024-06-01T00:18:30 CDT" duration-ms="9586">
      <class name="com.curahealthcare.testCases.TC_MakeAppoinmentPage_003">
        <test-method is-config="true" signature="setUp(java.lang.String)[pri:0, instance:com.curahealthcare.testCases.TC_MakeAppoinmentPage_003@7eb01b12]" started-at="2024-06-01T00:18:21 CDT" name="setUp" finished-at="2024-06-01T00:18:27 CDT" duration-ms="6110" status="PASS">
          <params>
            <param index="0">
              <value>
                <![CDATA[chrome]]>
              </value>
            </param>
          </params>
          <reporter-output>
          </reporter-output>
        </test-method> <!-- setUp -->
        <test-method signature="makeAppoinment()[pri:0, instance:com.curahealthcare.testCases.TC_MakeAppoinmentPage_003@7eb01b12]" started-at="2024-06-01T00:18:27 CDT" name="makeAppoinment" finished-at="2024-06-01T00:18:30 CDT" duration-ms="2533" status="PASS">
          <reporter-output>
          </reporter-output>
        </test-method> <!-- makeAppoinment -->
        <test-method is-config="true" signature="tearDown()[pri:0, instance:com.curahealthcare.testCases.TC_MakeAppoinmentPage_003@7eb01b12]" started-at="2024-06-01T00:18:30 CDT" name="tearDown" finished-at="2024-06-01T00:18:30 CDT" duration-ms="420" status="PASS">
          <reporter-output>
          </reporter-output>
        </test-method> <!-- tearDown -->
      </class> <!-- com.curahealthcare.testCases.TC_MakeAppoinmentPage_003 -->
    </test> <!-- Cura HealthCare Test -->
  </suite> <!-- Cura HealthCare -->
</testng-results>
